Arguments: 
  /Users/vidigas/.nvm/versions/node/v8.15.0/bin/node /Users/vidigas/.nvm/versions/node/v8.15.0/bin/yarn install

PATH: 
  /usr/local/bin/aws:/usr/local/bin/mongodb-osx-x86_64-4.0.6/bin:/Users/vidigas/.nvm/versions/node/v8.15.0/bin:/usr/local/bin:/usr/bin:/bin:/usr/sbin:/sbin:/usr/local/go/bin:/Users/vidigas/Library/Android/sdk/emulator:/Users/vidigas/Library/Android/sdk/tools:/Users/vidigas/Library/Android/sdk/tools/bin:/Users/vidigas/Library/Android/sdk/platform-tools

Yarn version: 
  1.15.2

Node version: 
  8.15.0

Platform: 
  darwin x64

Trace: 
  Error: getaddrinfo ENOTFOUND registry.yarnpkg.com registry.yarnpkg.com:443
      at GetAddrInfoReqWrap.onlookup [as oncomplete] (dns.js:67:26)

npm manifest: 
  {
    "name": "good_monday",
    "version": "1.0.0",
    "main": "index.js",
    "license": "MIT",
      "scripts": {
      "start": "babel-node index.js",
      "dev": "eslint src && nodemon index.js --exec babel-node",
      "build": "webpack --progress --watch",
      "lint": "eslint src",
      "prettier": "prettier --config ./.prettierrc --write \"./**/*.jsx\"",
      "lint:fix": "eslint src --fix"
    },
    "dependencies": {
      "@babel/plugin-proposal-class-properties": "^7.3.3",
      "@babel/plugin-syntax-dynamic-import": "^7.2.0",
      "@babel/plugin-transform-runtime": "^7.4.0",
      "@babel/preset-react": "^7.0.0",
      "@babel/runtime": "7.0.0-beta.55",    
      "components": "^0.1.0",
      "ejs": "^2.6.1",
      "express": "^4.16.4",
      "prop-types": "^15.7.2",
      "react": "^16.8.6",
      "react-dom": "^16.8.6",
      "react-router-dom": "^5.0.0",
      "styled": "^1.0.0",
      "styled-components": "^4.2.0"
    },
    "devDependencies": {
      "@babel/cli": "^7.2.3",
      "@babel/core": "^7.3.3",
      "@babel/node": "^7.2.2",
      "@babel/polyfill": "^7.0.0",
      "@babel/preset-env": "^7.1.0",
      "babel-eslint": "^10.0.1",
      "babel-jest": "^24.7.1",
      "babel-loader": "^8.0.5",
      "babel-polyfill": "^6.26.0",
      "compression-webpack-plugin": "^2.0.0",
      "eslint": "^5.16.0",
      "eslint-config-airbnb": "^17.1.0",
      "eslint-plugin-import": "^2.17.2",
      "eslint-plugin-jsx-a11y": "^6.2.1",
      "eslint-plugin-react": "^7.13.0",
      "nodemon": "^1.18.4",
      "react-jss": "^8.6.1",
      "react-test-renderer": "^16.8.6",
      "should": "^13.2.3",
      "supertest": "^4.0.2",
      "terser-webpack-plugin": "^1.2.3",
      "webpack": "^4.29.5",
      "webpack-bundle-analyzer": "^3.1.0",
      "webpack-cli": "^3.2.3"
    }
  }

yarn manifest: 
  No manifest

Lockfile: 
  No lockfile
